{
"contracts/Raffle.sol":{"l":{"57":3,"58":3,"59":3,"60":3,"61":3,"62":3,"63":3,"64":3,"70":4,"71":1,"73":3,"74":0,"76":3,"77":3,"81":0,"82":0,"89":0,"93":0,"94":0,"95":0,"96":0,"97":0,"98":0,"99":0,"100":0,"101":0,"103":0,"111":1,"112":1,"113":1,"114":1,"115":1,"116":1,"120":1,"121":1,"122":1,"128":0,"133":5,"137":1,"141":0,"145":1,"149":0,"153":0,"157":0,"161":0,"165":5},"path":"/home/candy/Documents/Projects/hardhat-smartcontract-lottery/contracts/Raffle.sol","s":{"1":4,"2":3,"3":3,"4":3,"5":0,"6":0,"7":0,"8":0,"9":0,"10":0,"11":0,"12":1,"13":1,"14":1,"15":1,"16":1,"17":1,"18":1,"19":1,"20":0,"21":5,"22":1,"23":0,"24":1,"25":0,"26":0,"27":0,"28":0,"29":5},"b":{"1":[1,3],"2":[0,3],"3":[0,0],"4":[1,0]},"f":{"1":3,"2":4,"3":0,"4":0,"5":1,"6":1,"7":5,"8":1,"9":0,"10":1,"11":0,"12":0,"13":0,"14":0,"15":5},"fnMap":{"1":{"name":"constructor","line":56,"loc":{"start":{"line":49,"column":4},"end":{"line":65,"column":4}}},"2":{"name":"enterRaffle","line":68,"loc":{"start":{"line":68,"column":4},"end":{"line":78,"column":4}}},"3":{"name":"pickRandomWinner","line":80,"loc":{"start":{"line":80,"column":4},"end":{"line":90,"column":4}}},"4":{"name":"fulfillRandomWords","line":92,"loc":{"start":{"line":92,"column":4},"end":{"line":104,"column":4}}},"5":{"name":"checkUpkeep","line":110,"loc":{"start":{"line":110,"column":4},"end":{"line":117,"column":4}}},"6":{"name":"performUpkeep","line":119,"loc":{"start":{"line":119,"column":4},"end":{"line":129,"column":4}}},"7":{"name":"getEntranceFee","line":132,"loc":{"start":{"line":132,"column":4},"end":{"line":134,"column":4}}},"8":{"name":"getPlayer","line":136,"loc":{"start":{"line":136,"column":4},"end":{"line":138,"column":4}}},"9":{"name":"getRecentWinner","line":140,"loc":{"start":{"line":140,"column":4},"end":{"line":142,"column":4}}},"10":{"name":"getRaffleState","line":144,"loc":{"start":{"line":144,"column":4},"end":{"line":146,"column":4}}},"11":{"name":"getNumWords","line":148,"loc":{"start":{"line":148,"column":4},"end":{"line":150,"column":4}}},"12":{"name":"getNumberOfPlayers","line":152,"loc":{"start":{"line":152,"column":4},"end":{"line":154,"column":4}}},"13":{"name":"getLatestTimeStamp","line":156,"loc":{"start":{"line":156,"column":4},"end":{"line":158,"column":4}}},"14":{"name":"getRequestConfirmations","line":160,"loc":{"start":{"line":160,"column":4},"end":{"line":162,"column":4}}},"15":{"name":"getInterval","line":164,"loc":{"start":{"line":164,"column":4},"end":{"line":166,"column":4}}}},"statementMap":{"1":{"start":{"line":70,"column":8},"end":{"line":70,"column":2350}},"2":{"start":{"line":73,"column":8},"end":{"line":73,"column":2445}},"3":{"start":{"line":76,"column":8},"end":{"line":76,"column":42}},"4":{"start":{"line":77,"column":8},"end":{"line":77,"column":36}},"5":{"start":{"line":82,"column":8},"end":{"line":82,"column":2723}},"6":{"start":{"line":89,"column":8},"end":{"line":89,"column":45}},"7":{"start":{"line":93,"column":8},"end":{"line":93,"column":65}},"8":{"start":{"line":94,"column":8},"end":{"line":94,"column":63}},"9":{"start":{"line":99,"column":8},"end":{"line":99,"column":78}},"10":{"start":{"line":100,"column":8},"end":{"line":100,"column":3451}},"11":{"start":{"line":103,"column":8},"end":{"line":103,"column":39}},"12":{"start":{"line":111,"column":8},"end":{"line":111,"column":49}},"13":{"start":{"line":112,"column":8},"end":{"line":112,"column":74}},"14":{"start":{"line":113,"column":8},"end":{"line":113,"column":46}},"15":{"start":{"line":114,"column":8},"end":{"line":114,"column":51}},"16":{"start":{"line":115,"column":8},"end":{"line":115,"column":78}},"17":{"start":{"line":116,"column":8},"end":{"line":116,"column":36}},"18":{"start":{"line":120,"column":8},"end":{"line":120,"column":47}},"19":{"start":{"line":121,"column":8},"end":{"line":121,"column":4319}},"20":{"start":{"line":128,"column":8},"end":{"line":128,"column":25}},"21":{"start":{"line":133,"column":8},"end":{"line":133,"column":28}},"22":{"start":{"line":137,"column":8},"end":{"line":137,"column":31}},"23":{"start":{"line":141,"column":8},"end":{"line":141,"column":29}},"24":{"start":{"line":145,"column":8},"end":{"line":145,"column":22}},"25":{"start":{"line":149,"column":8},"end":{"line":149,"column":24}},"26":{"start":{"line":153,"column":8},"end":{"line":153,"column":31}},"27":{"start":{"line":157,"column":8},"end":{"line":157,"column":30}},"28":{"start":{"line":161,"column":7},"end":{"line":161,"column":34}},"29":{"start":{"line":165,"column":8},"end":{"line":165,"column":25}}},"branchMap":{"1":{"line":70,"type":"if","locations":[{"start":{"line":70,"column":8},"end":{"line":70,"column":8}},{"start":{"line":70,"column":8},"end":{"line":70,"column":8}}]},"2":{"line":73,"type":"if","locations":[{"start":{"line":73,"column":8},"end":{"line":73,"column":8}},{"start":{"line":73,"column":8},"end":{"line":73,"column":8}}]},"3":{"line":100,"type":"if","locations":[{"start":{"line":100,"column":8},"end":{"line":100,"column":8}},{"start":{"line":100,"column":8},"end":{"line":100,"column":8}}]},"4":{"line":121,"type":"if","locations":[{"start":{"line":121,"column":8},"end":{"line":121,"column":8}},{"start":{"line":121,"column":8},"end":{"line":121,"column":8}}]}}},
"contracts/test/VRFCoordinatorV2Mock.sol":{"l":{},"path":"/home/candy/Documents/Projects/hardhat-smartcontract-lottery/contracts/test/VRFCoordinatorV2Mock.sol","s":{},"b":{},"f":{},"fnMap":{},"statementMap":{},"branchMap":{}}}
