TN:
SF:/home/candy/Documents/Projects/hardhat-smartcontract-lottery/contracts/Raffle.sol
FN:56,constructor
FN:68,enterRaffle
FN:80,pickRandomWinner
FN:92,fulfillRandomWords
FN:110,checkUpkeep
FN:119,performUpkeep
FN:132,getEntranceFee
FN:136,getPlayer
FN:140,getRecentWinner
FN:144,getRaffleState
FN:148,getNumWords
FN:152,getNumberOfPlayers
FN:156,getLatestTimeStamp
FN:160,getRequestConfirmations
FN:164,getInterval
FNF:15
FNH:8
FNDA:3,constructor
FNDA:4,enterRaffle
FNDA:0,pickRandomWinner
FNDA:0,fulfillRandomWords
FNDA:1,checkUpkeep
FNDA:1,performUpkeep
FNDA:5,getEntranceFee
FNDA:1,getPlayer
FNDA:0,getRecentWinner
FNDA:1,getRaffleState
FNDA:0,getNumWords
FNDA:0,getNumberOfPlayers
FNDA:0,getLatestTimeStamp
FNDA:0,getRequestConfirmations
FNDA:5,getInterval
DA:57,3
DA:58,3
DA:59,3
DA:60,3
DA:61,3
DA:62,3
DA:63,3
DA:64,3
DA:70,4
DA:71,1
DA:73,3
DA:74,0
DA:76,3
DA:77,3
DA:81,0
DA:82,0
DA:89,0
DA:93,0
DA:94,0
DA:95,0
DA:96,0
DA:97,0
DA:98,0
DA:99,0
DA:100,0
DA:101,0
DA:103,0
DA:111,1
DA:112,1
DA:113,1
DA:114,1
DA:115,1
DA:116,1
DA:120,1
DA:121,1
DA:122,1
DA:128,0
DA:133,5
DA:137,1
DA:141,0
DA:145,1
DA:149,0
DA:153,0
DA:157,0
DA:161,0
DA:165,5
LF:46
LH:26
BRDA:70,1,0,1
BRDA:70,1,1,3
BRDA:73,2,0,0
BRDA:73,2,1,3
BRDA:100,3,0,0
BRDA:100,3,1,0
BRDA:121,4,0,1
BRDA:121,4,1,0
BRF:8
BRH:4
end_of_record
TN:
SF:/home/candy/Documents/Projects/hardhat-smartcontract-lottery/contracts/test/VRFCoordinatorV2Mock.sol
FNF:0
FNH:0
LF:0
LH:0
BRF:0
BRH:0
end_of_record
